[   65858ms] [ERROR] Failed to load resource: the server responded with a status of 404 () @ https://tweakcn.com/site.webmanifest:0
[   65865ms] [ERROR] Manifest fetch from https://tweakcn.com/site.webmanifest failed, code 404 @ https://tweakcn.com/editor/theme:92
[   67054ms] [WARNING] The specified value "oklch(0.205 0 0)" does not conform to the required format.  The format is "#rrggbb" where rr, gg, bb are two-digit hexadecimal numbers. @ https://tweakcn.com/editor/theme:93
[   67061ms] [WARNING] The specified value "oklch(0.985 0 0)" does not conform to the required format.  The format is "#rrggbb" where rr, gg, bb are two-digit hexadecimal numbers. @ https://tweakcn.com/editor/theme:93
[   67061ms] [WARNING] The specified value "oklch(0.97 0 0)" does not conform to the required format.  The format is "#rrggbb" where rr, gg, bb are two-digit hexadecimal numbers. @ https://tweakcn.com/editor/theme:93
[   67061ms] [WARNING] The specified value "oklch(0.205 0 0)" does not conform to the required format.  The format is "#rrggbb" where rr, gg, bb are two-digit hexadecimal numbers. @ https://tweakcn.com/editor/theme:93
[   67061ms] [WARNING] The specified value "oklch(0.97 0 0)" does not conform to the required format.  The format is "#rrggbb" where rr, gg, bb are two-digit hexadecimal numbers. @ https://tweakcn.com/editor/theme:93
[   67061ms] [WARNING] The specified value "oklch(0.205 0 0)" does not conform to the required format.  The format is "#rrggbb" where rr, gg, bb are two-digit hexadecimal numbers. @ https://tweakcn.com/editor/theme:93
[   67061ms] [WARNING] The specified value "oklch(1 0 0)" does not conform to the required format.  The format is "#rrggbb" where rr, gg, bb are two-digit hexadecimal numbers. @ https://tweakcn.com/editor/theme:93
[   67061ms] [WARNING] The specified value "oklch(0.145 0 0)" does not conform to the required format.  The format is "#rrggbb" where rr, gg, bb are two-digit hexadecimal numbers. @ https://tweakcn.com/editor/theme:93
[   67062ms] [WARNING] The specified value "oklch(1 0 0)" does not conform to the required format.  The format is "#rrggbb" where rr, gg, bb are two-digit hexadecimal numbers. @ https://tweakcn.com/editor/theme:93
[   67062ms] [WARNING] The specified value "oklch(0.145 0 0)" does not conform to the required format.  The format is "#rrggbb" where rr, gg, bb are two-digit hexadecimal numbers. @ https://tweakcn.com/editor/theme:93
[   67062ms] [WARNING] The specified value "oklch(1 0 0)" does not conform to the required format.  The format is "#rrggbb" where rr, gg, bb are two-digit hexadecimal numbers. @ https://tweakcn.com/editor/theme:93
[   67062ms] [WARNING] The specified value "oklch(0.145 0 0)" does not conform to the required format.  The format is "#rrggbb" where rr, gg, bb are two-digit hexadecimal numbers. @ https://tweakcn.com/editor/theme:93
[   67062ms] [WARNING] The specified value "oklch(0.97 0 0)" does not conform to the required format.  The format is "#rrggbb" where rr, gg, bb are two-digit hexadecimal numbers. @ https://tweakcn.com/editor/theme:93
[   67062ms] [WARNING] The specified value "oklch(0.556 0 0)" does not conform to the required format.  The format is "#rrggbb" where rr, gg, bb are two-digit hexadecimal numbers. @ https://tweakcn.com/editor/theme:93
[   67062ms] [WARNING] The specified value "oklch(0.577 0.245 27.325)" does not conform to the required format.  The format is "#rrggbb" where rr, gg, bb are two-digit hexadecimal numbers. @ https://tweakcn.com/editor/theme:93
[   67062ms] [WARNING] The specified value "oklch(1 0 0)" does not conform to the required format.  The format is "#rrggbb" where rr, gg, bb are two-digit hexadecimal numbers. @ https://tweakcn.com/editor/theme:93
[   67062ms] [WARNING] The specified value "oklch(0.922 0 0)" does not conform to the required format.  The format is "#rrggbb" where rr, gg, bb are two-digit hexadecimal numbers. @ https://tweakcn.com/editor/theme:93
[   67062ms] [WARNING] The specified value "oklch(0.922 0 0)" does not conform to the required format.  The format is "#rrggbb" where rr, gg, bb are two-digit hexadecimal numbers. @ https://tweakcn.com/editor/theme:93
[   67062ms] [WARNING] The specified value "oklch(0.708 0 0)" does not conform to the required format.  The format is "#rrggbb" where rr, gg, bb are two-digit hexadecimal numbers. @ https://tweakcn.com/editor/theme:93
[   67062ms] [WARNING] The specified value "oklch(0.81 0.10 252)" does not conform to the required format.  The format is "#rrggbb" where rr, gg, bb are two-digit hexadecimal numbers. @ https://tweakcn.com/editor/theme:93
[   67062ms] [WARNING] The specified value "oklch(0.62 0.19 260)" does not conform to the required format.  The format is "#rrggbb" where rr, gg, bb are two-digit hexadecimal numbers. @ https://tweakcn.com/editor/theme:93
[   67062ms] [WARNING] The specified value "oklch(0.55 0.22 263)" does not conform to the required format.  The format is "#rrggbb" where rr, gg, bb are two-digit hexadecimal numbers. @ https://tweakcn.com/editor/theme:93
[   67062ms] [WARNING] The specified value "oklch(0.49 0.22 264)" does not conform to the required format.  The format is "#rrggbb" where rr, gg, bb are two-digit hexadecimal numbers. @ https://tweakcn.com/editor/theme:93
[   67062ms] [WARNING] The specified value "oklch(0.42 0.18 266)" does not conform to the required format.  The format is "#rrggbb" where rr, gg, bb are two-digit hexadecimal numbers. @ https://tweakcn.com/editor/theme:93
[   67063ms] [WARNING] The specified value "oklch(0.985 0 0)" does not conform to the required format.  The format is "#rrggbb" where rr, gg, bb are two-digit hexadecimal numbers. @ https://tweakcn.com/editor/theme:93
[   67063ms] [WARNING] The specified value "oklch(0.145 0 0)" does not conform to the required format.  The format is "#rrggbb" where rr, gg, bb are two-digit hexadecimal numbers. @ https://tweakcn.com/editor/theme:93
[   67063ms] [WARNING] The specified value "oklch(0.205 0 0)" does not conform to the required format.  The format is "#rrggbb" where rr, gg, bb are two-digit hexadecimal numbers. @ https://tweakcn.com/editor/theme:93
[   67063ms] [WARNING] The specified value "oklch(0.985 0 0)" does not conform to the required format.  The format is "#rrggbb" where rr, gg, bb are two-digit hexadecimal numbers. @ https://tweakcn.com/editor/theme:93
[   67063ms] [WARNING] The specified value "oklch(0.97 0 0)" does not conform to the required format.  The format is "#rrggbb" where rr, gg, bb are two-digit hexadecimal numbers. @ https://tweakcn.com/editor/theme:93
[   67063ms] [WARNING] The specified value "oklch(0.205 0 0)" does not conform to the required format.  The format is "#rrggbb" where rr, gg, bb are two-digit hexadecimal numbers. @ https://tweakcn.com/editor/theme:93
[   67063ms] [WARNING] The specified value "oklch(0.922 0 0)" does not conform to the required format.  The format is "#rrggbb" where rr, gg, bb are two-digit hexadecimal numbers. @ https://tweakcn.com/editor/theme:93
[   67063ms] [WARNING] The specified value "oklch(0.708 0 0)" does not conform to the required format.  The format is "#rrggbb" where rr, gg, bb are two-digit hexadecimal numbers. @ https://tweakcn.com/editor/theme:93
[   70225ms] [ERROR] Failed to load resource: the server responded with a status of 404 () @ https://tweakcn.com/site.webmanifest:0
[   70225ms] [ERROR] Manifest fetch from https://tweakcn.com/site.webmanifest failed, code 404 @ https://tweakcn.com/editor/theme:0
[   91343ms] [WARNING] The specified value "oklch(0.205 0 0)" does not conform to the required format.  The format is "#rrggbb" where rr, gg, bb are two-digit hexadecimal numbers. @ https://tweakcn.com/_next/static/chunks/5a71a80968e820c8.js?dpl=dpl_2bBjqfZ5eQgCkRdmLixoXXWKRxQw:0
[   91859ms] [WARNING] The specified value "oklch(0.985 0 0)" does not conform to the required format.  The format is "#rrggbb" where rr, gg, bb are two-digit hexadecimal numbers. @ https://tweakcn.com/_next/static/chunks/5a71a80968e820c8.js?dpl=dpl_2bBjqfZ5eQgCkRdmLixoXXWKRxQw:0
[   92170ms] [WARNING] The specified value "oklch(0.97 0 0)" does not conform to the required format.  The format is "#rrggbb" where rr, gg, bb are two-digit hexadecimal numbers. @ https://tweakcn.com/_next/static/chunks/5a71a80968e820c8.js?dpl=dpl_2bBjqfZ5eQgCkRdmLixoXXWKRxQw:0
[   92356ms] [WARNING] The specified value "oklch(0.205 0 0)" does not conform to the required format.  The format is "#rrggbb" where rr, gg, bb are two-digit hexadecimal numbers. @ https://tweakcn.com/_next/static/chunks/5a71a80968e820c8.js?dpl=dpl_2bBjqfZ5eQgCkRdmLixoXXWKRxQw:0
[   92585ms] [WARNING] The specified value "oklch(0.97 0 0)" does not conform to the required format.  The format is "#rrggbb" where rr, gg, bb are two-digit hexadecimal numbers. @ https://tweakcn.com/_next/static/chunks/5a71a80968e820c8.js?dpl=dpl_2bBjqfZ5eQgCkRdmLixoXXWKRxQw:0
[   92665ms] [WARNING] The specified value "oklch(0.205 0 0)" does not conform to the required format.  The format is "#rrggbb" where rr, gg, bb are two-digit hexadecimal numbers. @ https://tweakcn.com/_next/static/chunks/5a71a80968e820c8.js?dpl=dpl_2bBjqfZ5eQgCkRdmLixoXXWKRxQw:0
[   93073ms] [WARNING] The specified value "oklch(1 0 0)" does not conform to the required format.  The format is "#rrggbb" where rr, gg, bb are two-digit hexadecimal numbers. @ https://tweakcn.com/_next/static/chunks/5a71a80968e820c8.js?dpl=dpl_2bBjqfZ5eQgCkRdmLixoXXWKRxQw:0
[   93081ms] [WARNING] The specified value "oklch(0.145 0 0)" does not conform to the required format.  The format is "#rrggbb" where rr, gg, bb are two-digit hexadecimal numbers. @ https://tweakcn.com/_next/static/chunks/5a71a80968e820c8.js?dpl=dpl_2bBjqfZ5eQgCkRdmLixoXXWKRxQw:0
[  100133ms] [WARNING] The specified value "oklch(1 0 0)" does not conform to the required format.  The format is "#rrggbb" where rr, gg, bb are two-digit hexadecimal numbers. @ https://tweakcn.com/_next/static/chunks/5a71a80968e820c8.js?dpl=dpl_2bBjqfZ5eQgCkRdmLixoXXWKRxQw:0
[  101020ms] [WARNING] The specified value "oklch(0.145 0 0)" does not conform to the required format.  The format is "#rrggbb" where rr, gg, bb are two-digit hexadecimal numbers. @ https://tweakcn.com/_next/static/chunks/5a71a80968e820c8.js?dpl=dpl_2bBjqfZ5eQgCkRdmLixoXXWKRxQw:0
[  101293ms] [WARNING] The specified value "oklch(1 0 0)" does not conform to the required format.  The format is "#rrggbb" where rr, gg, bb are two-digit hexadecimal numbers. @ https://tweakcn.com/_next/static/chunks/5a71a80968e820c8.js?dpl=dpl_2bBjqfZ5eQgCkRdmLixoXXWKRxQw:0
[  101303ms] [WARNING] The specified value "oklch(0.145 0 0)" does not conform to the required format.  The format is "#rrggbb" where rr, gg, bb are two-digit hexadecimal numbers. @ https://tweakcn.com/_next/static/chunks/5a71a80968e820c8.js?dpl=dpl_2bBjqfZ5eQgCkRdmLixoXXWKRxQw:0
[  101456ms] [WARNING] The specified value "oklch(0.97 0 0)" does not conform to the required format.  The format is "#rrggbb" where rr, gg, bb are two-digit hexadecimal numbers. @ https://tweakcn.com/_next/static/chunks/5a71a80968e820c8.js?dpl=dpl_2bBjqfZ5eQgCkRdmLixoXXWKRxQw:0
[  101475ms] [WARNING] The specified value "oklch(0.556 0 0)" does not conform to the required format.  The format is "#rrggbb" where rr, gg, bb are two-digit hexadecimal numbers. @ https://tweakcn.com/_next/static/chunks/5a71a80968e820c8.js?dpl=dpl_2bBjqfZ5eQgCkRdmLixoXXWKRxQw:0
[  101545ms] [WARNING] The specified value "oklch(0.577 0.245 27.325)" does not conform to the required format.  The format is "#rrggbb" where rr, gg, bb are two-digit hexadecimal numbers. @ https://tweakcn.com/_next/static/chunks/5a71a80968e820c8.js?dpl=dpl_2bBjqfZ5eQgCkRdmLixoXXWKRxQw:0
[  101637ms] [WARNING] The specified value "oklch(1 0 0)" does not conform to the required format.  The format is "#rrggbb" where rr, gg, bb are two-digit hexadecimal numbers. @ https://tweakcn.com/_next/static/chunks/5a71a80968e820c8.js?dpl=dpl_2bBjqfZ5eQgCkRdmLixoXXWKRxQw:0
[  101824ms] [WARNING] The specified value "oklch(0.922 0 0)" does not conform to the required format.  The format is "#rrggbb" where rr, gg, bb are two-digit hexadecimal numbers. @ https://tweakcn.com/_next/static/chunks/5a71a80968e820c8.js?dpl=dpl_2bBjqfZ5eQgCkRdmLixoXXWKRxQw:0
[  101984ms] [WARNING] The specified value "oklch(0.922 0 0)" does not conform to the required format.  The format is "#rrggbb" where rr, gg, bb are two-digit hexadecimal numbers. @ https://tweakcn.com/_next/static/chunks/5a71a80968e820c8.js?dpl=dpl_2bBjqfZ5eQgCkRdmLixoXXWKRxQw:0
[  102087ms] [WARNING] The specified value "oklch(0.708 0 0)" does not conform to the required format.  The format is "#rrggbb" where rr, gg, bb are two-digit hexadecimal numbers. @ https://tweakcn.com/_next/static/chunks/5a71a80968e820c8.js?dpl=dpl_2bBjqfZ5eQgCkRdmLixoXXWKRxQw:0
[  102207ms] [WARNING] The specified value "oklch(0.81 0.10 252)" does not conform to the required format.  The format is "#rrggbb" where rr, gg, bb are two-digit hexadecimal numbers. @ https://tweakcn.com/_next/static/chunks/5a71a80968e820c8.js?dpl=dpl_2bBjqfZ5eQgCkRdmLixoXXWKRxQw:0
[  102310ms] [WARNING] The specified value "oklch(0.62 0.19 260)" does not conform to the required format.  The format is "#rrggbb" where rr, gg, bb are two-digit hexadecimal numbers. @ https://tweakcn.com/_next/static/chunks/5a71a80968e820c8.js?dpl=dpl_2bBjqfZ5eQgCkRdmLixoXXWKRxQw:0
[  102324ms] [WARNING] The specified value "oklch(0.55 0.22 263)" does not conform to the required format.  The format is "#rrggbb" where rr, gg, bb are two-digit hexadecimal numbers. @ https://tweakcn.com/_next/static/chunks/5a71a80968e820c8.js?dpl=dpl_2bBjqfZ5eQgCkRdmLixoXXWKRxQw:0
[  102342ms] [WARNING] The specified value "oklch(0.49 0.22 264)" does not conform to the required format.  The format is "#rrggbb" where rr, gg, bb are two-digit hexadecimal numbers. @ https://tweakcn.com/_next/static/chunks/5a71a80968e820c8.js?dpl=dpl_2bBjqfZ5eQgCkRdmLixoXXWKRxQw:0
[  102402ms] [WARNING] The specified value "oklch(0.42 0.18 266)" does not conform to the required format.  The format is "#rrggbb" where rr, gg, bb are two-digit hexadecimal numbers. @ https://tweakcn.com/_next/static/chunks/5a71a80968e820c8.js?dpl=dpl_2bBjqfZ5eQgCkRdmLixoXXWKRxQw:0
[  102415ms] [WARNING] The specified value "oklch(0.985 0 0)" does not conform to the required format.  The format is "#rrggbb" where rr, gg, bb are two-digit hexadecimal numbers. @ https://tweakcn.com/_next/static/chunks/5a71a80968e820c8.js?dpl=dpl_2bBjqfZ5eQgCkRdmLixoXXWKRxQw:0
[  102435ms] [WARNING] The specified value "oklch(0.145 0 0)" does not conform to the required format.  The format is "#rrggbb" where rr, gg, bb are two-digit hexadecimal numbers. @ https://tweakcn.com/_next/static/chunks/5a71a80968e820c8.js?dpl=dpl_2bBjqfZ5eQgCkRdmLixoXXWKRxQw:0
[  102444ms] [WARNING] The specified value "oklch(0.205 0 0)" does not conform to the required format.  The format is "#rrggbb" where rr, gg, bb are two-digit hexadecimal numbers. @ https://tweakcn.com/_next/static/chunks/5a71a80968e820c8.js?dpl=dpl_2bBjqfZ5eQgCkRdmLixoXXWKRxQw:0
[  102501ms] [WARNING] The specified value "oklch(0.985 0 0)" does not conform to the required format.  The format is "#rrggbb" where rr, gg, bb are two-digit hexadecimal numbers. @ https://tweakcn.com/_next/static/chunks/5a71a80968e820c8.js?dpl=dpl_2bBjqfZ5eQgCkRdmLixoXXWKRxQw:0
[  102506ms] [WARNING] The specified value "oklch(0.97 0 0)" does not conform to the required format.  The format is "#rrggbb" where rr, gg, bb are two-digit hexadecimal numbers. @ https://tweakcn.com/_next/static/chunks/5a71a80968e820c8.js?dpl=dpl_2bBjqfZ5eQgCkRdmLixoXXWKRxQw:0
[  102517ms] [WARNING] The specified value "oklch(0.205 0 0)" does not conform to the required format.  The format is "#rrggbb" where rr, gg, bb are two-digit hexadecimal numbers. @ https://tweakcn.com/_next/static/chunks/5a71a80968e820c8.js?dpl=dpl_2bBjqfZ5eQgCkRdmLixoXXWKRxQw:0
[  102559ms] [WARNING] The specified value "oklch(0.922 0 0)" does not conform to the required format.  The format is "#rrggbb" where rr, gg, bb are two-digit hexadecimal numbers. @ https://tweakcn.com/_next/static/chunks/5a71a80968e820c8.js?dpl=dpl_2bBjqfZ5eQgCkRdmLixoXXWKRxQw:0
[  102563ms] [WARNING] The specified value "oklch(0.708 0 0)" does not conform to the required format.  The format is "#rrggbb" where rr, gg, bb are two-digit hexadecimal numbers. @ https://tweakcn.com/_next/static/chunks/5a71a80968e820c8.js?dpl=dpl_2bBjqfZ5eQgCkRdmLixoXXWKRxQw:0
[  118575ms] [WARNING] The specified value "oklch(0.205 0 0)" does not conform to the required format.  The format is "#rrggbb" where rr, gg, bb are two-digit hexadecimal numbers. @ https://tweakcn.com/_next/static/chunks/5a71a80968e820c8.js?dpl=dpl_2bBjqfZ5eQgCkRdmLixoXXWKRxQw:0
[  118596ms] [WARNING] The specified value "oklch(0.985 0 0)" does not conform to the required format.  The format is "#rrggbb" where rr, gg, bb are two-digit hexadecimal numbers. @ https://tweakcn.com/_next/static/chunks/5a71a80968e820c8.js?dpl=dpl_2bBjqfZ5eQgCkRdmLixoXXWKRxQw:0
[  118597ms] [WARNING] The specified value "oklch(0.97 0 0)" does not conform to the required format.  The format is "#rrggbb" where rr, gg, bb are two-digit hexadecimal numbers. @ https://tweakcn.com/_next/static/chunks/5a71a80968e820c8.js?dpl=dpl_2bBjqfZ5eQgCkRdmLixoXXWKRxQw:0
[  118598ms] [WARNING] The specified value "oklch(0.205 0 0)" does not conform to the required format.  The format is "#rrggbb" where rr, gg, bb are two-digit hexadecimal numbers. @ https://tweakcn.com/_next/static/chunks/5a71a80968e820c8.js?dpl=dpl_2bBjqfZ5eQgCkRdmLixoXXWKRxQw:0
[  118598ms] [WARNING] The specified value "oklch(0.97 0 0)" does not conform to the required format.  The format is "#rrggbb" where rr, gg, bb are two-digit hexadecimal numbers. @ https://tweakcn.com/_next/static/chunks/5a71a80968e820c8.js?dpl=dpl_2bBjqfZ5eQgCkRdmLixoXXWKRxQw:0
[  118599ms] [WARNING] The specified value "oklch(0.205 0 0)" does not conform to the required format.  The format is "#rrggbb" where rr, gg, bb are two-digit hexadecimal numbers. @ https://tweakcn.com/_next/static/chunks/5a71a80968e820c8.js?dpl=dpl_2bBjqfZ5eQgCkRdmLixoXXWKRxQw:0
[  118600ms] [WARNING] The specified value "oklch(1 0 0)" does not conform to the required format.  The format is "#rrggbb" where rr, gg, bb are two-digit hexadecimal numbers. @ https://tweakcn.com/_next/static/chunks/5a71a80968e820c8.js?dpl=dpl_2bBjqfZ5eQgCkRdmLixoXXWKRxQw:0
[  118600ms] [WARNING] The specified value "oklch(0.145 0 0)" does not conform to the required format.  The format is "#rrggbb" where rr, gg, bb are two-digit hexadecimal numbers. @ https://tweakcn.com/_next/static/chunks/5a71a80968e820c8.js?dpl=dpl_2bBjqfZ5eQgCkRdmLixoXXWKRxQw:0
[  118601ms] [WARNING] The specified value "oklch(1 0 0)" does not conform to the required format.  The format is "#rrggbb" where rr, gg, bb are two-digit hexadecimal numbers. @ https://tweakcn.com/_next/static/chunks/5a71a80968e820c8.js?dpl=dpl_2bBjqfZ5eQgCkRdmLixoXXWKRxQw:0
[  118602ms] [WARNING] The specified value "oklch(0.145 0 0)" does not conform to the required format.  The format is "#rrggbb" where rr, gg, bb are two-digit hexadecimal numbers. @ https://tweakcn.com/_next/static/chunks/5a71a80968e820c8.js?dpl=dpl_2bBjqfZ5eQgCkRdmLixoXXWKRxQw:0
[  118602ms] [WARNING] The specified value "oklch(1 0 0)" does not conform to the required format.  The format is "#rrggbb" where rr, gg, bb are two-digit hexadecimal numbers. @ https://tweakcn.com/_next/static/chunks/5a71a80968e820c8.js?dpl=dpl_2bBjqfZ5eQgCkRdmLixoXXWKRxQw:0
[  118603ms] [WARNING] The specified value "oklch(0.145 0 0)" does not conform to the required format.  The format is "#rrggbb" where rr, gg, bb are two-digit hexadecimal numbers. @ https://tweakcn.com/_next/static/chunks/5a71a80968e820c8.js?dpl=dpl_2bBjqfZ5eQgCkRdmLixoXXWKRxQw:0
[  118604ms] [WARNING] The specified value "oklch(0.97 0 0)" does not conform to the required format.  The format is "#rrggbb" where rr, gg, bb are two-digit hexadecimal numbers. @ https://tweakcn.com/_next/static/chunks/5a71a80968e820c8.js?dpl=dpl_2bBjqfZ5eQgCkRdmLixoXXWKRxQw:0
[  118604ms] [WARNING] The specified value "oklch(0.556 0 0)" does not conform to the required format.  The format is "#rrggbb" where rr, gg, bb are two-digit hexadecimal numbers. @ https://tweakcn.com/_next/static/chunks/5a71a80968e820c8.js?dpl=dpl_2bBjqfZ5eQgCkRdmLixoXXWKRxQw:0
[  118605ms] [WARNING] The specified value "oklch(0.577 0.245 27.325)" does not conform to the required format.  The format is "#rrggbb" where rr, gg, bb are two-digit hexadecimal numbers. @ https://tweakcn.com/_next/static/chunks/5a71a80968e820c8.js?dpl=dpl_2bBjqfZ5eQgCkRdmLixoXXWKRxQw:0
[  118609ms] [WARNING] The specified value "oklch(1 0 0)" does not conform to the required format.  The format is "#rrggbb" where rr, gg, bb are two-digit hexadecimal numbers. @ https://tweakcn.com/_next/static/chunks/5a71a80968e820c8.js?dpl=dpl_2bBjqfZ5eQgCkRdmLixoXXWKRxQw:0
[  118610ms] [WARNING] The specified value "oklch(0.922 0 0)" does not conform to the required format.  The format is "#rrggbb" where rr, gg, bb are two-digit hexadecimal numbers. @ https://tweakcn.com/_next/static/chunks/5a71a80968e820c8.js?dpl=dpl_2bBjqfZ5eQgCkRdmLixoXXWKRxQw:0
[  118611ms] [WARNING] The specified value "oklch(0.922 0 0)" does not conform to the required format.  The format is "#rrggbb" where rr, gg, bb are two-digit hexadecimal numbers. @ https://tweakcn.com/_next/static/chunks/5a71a80968e820c8.js?dpl=dpl_2bBjqfZ5eQgCkRdmLixoXXWKRxQw:0
[  118611ms] [WARNING] The specified value "oklch(0.708 0 0)" does not conform to the required format.  The format is "#rrggbb" where rr, gg, bb are two-digit hexadecimal numbers. @ https://tweakcn.com/_next/static/chunks/5a71a80968e820c8.js?dpl=dpl_2bBjqfZ5eQgCkRdmLixoXXWKRxQw:0
[  118612ms] [WARNING] The specified value "oklch(0.81 0.10 252)" does not conform to the required format.  The format is "#rrggbb" where rr, gg, bb are two-digit hexadecimal numbers. @ https://tweakcn.com/_next/static/chunks/5a71a80968e820c8.js?dpl=dpl_2bBjqfZ5eQgCkRdmLixoXXWKRxQw:0
[  118612ms] [WARNING] The specified value "oklch(0.62 0.19 260)" does not conform to the required format.  The format is "#rrggbb" where rr, gg, bb are two-digit hexadecimal numbers. @ https://tweakcn.com/_next/static/chunks/5a71a80968e820c8.js?dpl=dpl_2bBjqfZ5eQgCkRdmLixoXXWKRxQw:0
[  118613ms] [WARNING] The specified value "oklch(0.55 0.22 263)" does not conform to the required format.  The format is "#rrggbb" where rr, gg, bb are two-digit hexadecimal numbers. @ https://tweakcn.com/_next/static/chunks/5a71a80968e820c8.js?dpl=dpl_2bBjqfZ5eQgCkRdmLixoXXWKRxQw:0
[  118613ms] [WARNING] The specified value "oklch(0.49 0.22 264)" does not conform to the required format.  The format is "#rrggbb" where rr, gg, bb are two-digit hexadecimal numbers. @ https://tweakcn.com/_next/static/chunks/5a71a80968e820c8.js?dpl=dpl_2bBjqfZ5eQgCkRdmLixoXXWKRxQw:0
[  118614ms] [WARNING] The specified value "oklch(0.42 0.18 266)" does not conform to the required format.  The format is "#rrggbb" where rr, gg, bb are two-digit hexadecimal numbers. @ https://tweakcn.com/_next/static/chunks/5a71a80968e820c8.js?dpl=dpl_2bBjqfZ5eQgCkRdmLixoXXWKRxQw:0
[  118614ms] [WARNING] The specified value "oklch(0.985 0 0)" does not conform to the required format.  The format is "#rrggbb" where rr, gg, bb are two-digit hexadecimal numbers. @ https://tweakcn.com/_next/static/chunks/5a71a80968e820c8.js?dpl=dpl_2bBjqfZ5eQgCkRdmLixoXXWKRxQw:0
[  118615ms] [WARNING] The specified value "oklch(0.145 0 0)" does not conform to the required format.  The format is "#rrggbb" where rr, gg, bb are two-digit hexadecimal numbers. @ https://tweakcn.com/_next/static/chunks/5a71a80968e820c8.js?dpl=dpl_2bBjqfZ5eQgCkRdmLixoXXWKRxQw:0
[  118616ms] [WARNING] The specified value "oklch(0.205 0 0)" does not conform to the required format.  The format is "#rrggbb" where rr, gg, bb are two-digit hexadecimal numbers. @ https://tweakcn.com/_next/static/chunks/5a71a80968e820c8.js?dpl=dpl_2bBjqfZ5eQgCkRdmLixoXXWKRxQw:0
[  118616ms] [WARNING] The specified value "oklch(0.985 0 0)" does not conform to the required format.  The format is "#rrggbb" where rr, gg, bb are two-digit hexadecimal numbers. @ https://tweakcn.com/_next/static/chunks/5a71a80968e820c8.js?dpl=dpl_2bBjqfZ5eQgCkRdmLixoXXWKRxQw:0
[  118617ms] [WARNING] The specified value "oklch(0.97 0 0)" does not conform to the required format.  The format is "#rrggbb" where rr, gg, bb are two-digit hexadecimal numbers. @ https://tweakcn.com/_next/static/chunks/5a71a80968e820c8.js?dpl=dpl_2bBjqfZ5eQgCkRdmLixoXXWKRxQw:0
[  118619ms] [WARNING] The specified value "oklch(0.205 0 0)" does not conform to the required format.  The format is "#rrggbb" where rr, gg, bb are two-digit hexadecimal numbers. @ https://tweakcn.com/_next/static/chunks/5a71a80968e820c8.js?dpl=dpl_2bBjqfZ5eQgCkRdmLixoXXWKRxQw:0
[  118621ms] [WARNING] The specified value "oklch(0.922 0 0)" does not conform to the required format.  The format is "#rrggbb" where rr, gg, bb are two-digit hexadecimal numbers. @ https://tweakcn.com/_next/static/chunks/5a71a80968e820c8.js?dpl=dpl_2bBjqfZ5eQgCkRdmLixoXXWKRxQw:0
[  118621ms] [WARNING] The specified value "oklch(0.708 0 0)" does not conform to the required format.  The format is "#rrggbb" where rr, gg, bb are two-digit hexadecimal numbers. @ https://tweakcn.com/_next/static/chunks/5a71a80968e820c8.js?dpl=dpl_2bBjqfZ5eQgCkRdmLixoXXWKRxQw:0
[  123428ms] [ERROR] Failed to load resource: the server responded with a status of 500 () @ https://tweakcn.com/editor/theme:0
[  146803ms] [ERROR] Failed to load resource: the server responded with a status of 404 () @ https://tweakcn.com/avatars/03.png:0
[  146873ms] [ERROR] Failed to load resource: the server responded with a status of 404 () @ https://tweakcn.com/avatars/04.png:0
[  146874ms] [ERROR] Failed to load resource: the server responded with a status of 404 () @ https://tweakcn.com/avatars/01.png:0
[  146874ms] [ERROR] Failed to load resource: the server responded with a status of 404 () @ https://tweakcn.com/avatars/05.png:0
[  146874ms] [ERROR] Failed to load resource: the server responded with a status of 404 () @ https://tweakcn.com/avatars/02.png:0
[  155882ms] [WARNING] The specified value "oklch(0.205 0 0)" does not conform to the required format.  The format is "#rrggbb" where rr, gg, bb are two-digit hexadecimal numbers. @ https://tweakcn.com/_next/static/chunks/5a71a80968e820c8.js?dpl=dpl_2bBjqfZ5eQgCkRdmLixoXXWKRxQw:0
[  155913ms] [WARNING] The specified value "oklch(0.985 0 0)" does not conform to the required format.  The format is "#rrggbb" where rr, gg, bb are two-digit hexadecimal numbers. @ https://tweakcn.com/_next/static/chunks/5a71a80968e820c8.js?dpl=dpl_2bBjqfZ5eQgCkRdmLixoXXWKRxQw:0
[  155913ms] [WARNING] The specified value "oklch(0.97 0 0)" does not conform to the required format.  The format is "#rrggbb" where rr, gg, bb are two-digit hexadecimal numbers. @ https://tweakcn.com/_next/static/chunks/5a71a80968e820c8.js?dpl=dpl_2bBjqfZ5eQgCkRdmLixoXXWKRxQw:0
[  155914ms] [WARNING] The specified value "oklch(0.205 0 0)" does not conform to the required format.  The format is "#rrggbb" where rr, gg, bb are two-digit hexadecimal numbers. @ https://tweakcn.com/_next/static/chunks/5a71a80968e820c8.js?dpl=dpl_2bBjqfZ5eQgCkRdmLixoXXWKRxQw:0
[  155914ms] [WARNING] The specified value "oklch(0.97 0 0)" does not conform to the required format.  The format is "#rrggbb" where rr, gg, bb are two-digit hexadecimal numbers. @ https://tweakcn.com/_next/static/chunks/5a71a80968e820c8.js?dpl=dpl_2bBjqfZ5eQgCkRdmLixoXXWKRxQw:0
[  155915ms] [WARNING] The specified value "oklch(0.205 0 0)" does not conform to the required format.  The format is "#rrggbb" where rr, gg, bb are two-digit hexadecimal numbers. @ https://tweakcn.com/_next/static/chunks/5a71a80968e820c8.js?dpl=dpl_2bBjqfZ5eQgCkRdmLixoXXWKRxQw:0
[  155915ms] [WARNING] The specified value "oklch(1 0 0)" does not conform to the required format.  The format is "#rrggbb" where rr, gg, bb are two-digit hexadecimal numbers. @ https://tweakcn.com/_next/static/chunks/5a71a80968e820c8.js?dpl=dpl_2bBjqfZ5eQgCkRdmLixoXXWKRxQw:0
[  155916ms] [WARNING] The specified value "oklch(0.145 0 0)" does not conform to the required format.  The format is "#rrggbb" where rr, gg, bb are two-digit hexadecimal numbers. @ https://tweakcn.com/_next/static/chunks/5a71a80968e820c8.js?dpl=dpl_2bBjqfZ5eQgCkRdmLixoXXWKRxQw:0
[  155916ms] [WARNING] The specified value "oklch(1 0 0)" does not conform to the required format.  The format is "#rrggbb" where rr, gg, bb are two-digit hexadecimal numbers. @ https://tweakcn.com/_next/static/chunks/5a71a80968e820c8.js?dpl=dpl_2bBjqfZ5eQgCkRdmLixoXXWKRxQw:0
[  155917ms] [WARNING] The specified value "oklch(0.145 0 0)" does not conform to the required format.  The format is "#rrggbb" where rr, gg, bb are two-digit hexadecimal numbers. @ https://tweakcn.com/_next/static/chunks/5a71a80968e820c8.js?dpl=dpl_2bBjqfZ5eQgCkRdmLixoXXWKRxQw:0
[  155917ms] [WARNING] The specified value "oklch(1 0 0)" does not conform to the required format.  The format is "#rrggbb" where rr, gg, bb are two-digit hexadecimal numbers. @ https://tweakcn.com/_next/static/chunks/5a71a80968e820c8.js?dpl=dpl_2bBjqfZ5eQgCkRdmLixoXXWKRxQw:0
[  155918ms] [WARNING] The specified value "oklch(0.145 0 0)" does not conform to the required format.  The format is "#rrggbb" where rr, gg, bb are two-digit hexadecimal numbers. @ https://tweakcn.com/_next/static/chunks/5a71a80968e820c8.js?dpl=dpl_2bBjqfZ5eQgCkRdmLixoXXWKRxQw:0
[  155918ms] [WARNING] The specified value "oklch(0.97 0 0)" does not conform to the required format.  The format is "#rrggbb" where rr, gg, bb are two-digit hexadecimal numbers. @ https://tweakcn.com/_next/static/chunks/5a71a80968e820c8.js?dpl=dpl_2bBjqfZ5eQgCkRdmLixoXXWKRxQw:0
[  155918ms] [WARNING] The specified value "oklch(0.556 0 0)" does not conform to the required format.  The format is "#rrggbb" where rr, gg, bb are two-digit hexadecimal numbers. @ https://tweakcn.com/_next/static/chunks/5a71a80968e820c8.js?dpl=dpl_2bBjqfZ5eQgCkRdmLixoXXWKRxQw:0
[  155919ms] [WARNING] The specified value "oklch(0.577 0.245 27.325)" does not conform to the required format.  The format is "#rrggbb" where rr, gg, bb are two-digit hexadecimal numbers. @ https://tweakcn.com/_next/static/chunks/5a71a80968e820c8.js?dpl=dpl_2bBjqfZ5eQgCkRdmLixoXXWKRxQw:0
[  155919ms] [WARNING] The specified value "oklch(1 0 0)" does not conform to the required format.  The format is "#rrggbb" where rr, gg, bb are two-digit hexadecimal numbers. @ https://tweakcn.com/_next/static/chunks/5a71a80968e820c8.js?dpl=dpl_2bBjqfZ5eQgCkRdmLixoXXWKRxQw:0
[  155920ms] [WARNING] The specified value "oklch(0.922 0 0)" does not conform to the required format.  The format is "#rrggbb" where rr, gg, bb are two-digit hexadecimal numbers. @ https://tweakcn.com/_next/static/chunks/5a71a80968e820c8.js?dpl=dpl_2bBjqfZ5eQgCkRdmLixoXXWKRxQw:0
[  155920ms] [WARNING] The specified value "oklch(0.922 0 0)" does not conform to the required format.  The format is "#rrggbb" where rr, gg, bb are two-digit hexadecimal numbers. @ https://tweakcn.com/_next/static/chunks/5a71a80968e820c8.js?dpl=dpl_2bBjqfZ5eQgCkRdmLixoXXWKRxQw:0
[  155921ms] [WARNING] The specified value "oklch(0.708 0 0)" does not conform to the required format.  The format is "#rrggbb" where rr, gg, bb are two-digit hexadecimal numbers. @ https://tweakcn.com/_next/static/chunks/5a71a80968e820c8.js?dpl=dpl_2bBjqfZ5eQgCkRdmLixoXXWKRxQw:0
[  155921ms] [WARNING] The specified value "oklch(0.81 0.10 252)" does not conform to the required format.  The format is "#rrggbb" where rr, gg, bb are two-digit hexadecimal numbers. @ https://tweakcn.com/_next/static/chunks/5a71a80968e820c8.js?dpl=dpl_2bBjqfZ5eQgCkRdmLixoXXWKRxQw:0
[  155922ms] [WARNING] The specified value "oklch(0.62 0.19 260)" does not conform to the required format.  The format is "#rrggbb" where rr, gg, bb are two-digit hexadecimal numbers. @ https://tweakcn.com/_next/static/chunks/5a71a80968e820c8.js?dpl=dpl_2bBjqfZ5eQgCkRdmLixoXXWKRxQw:0
[  155922ms] [WARNING] The specified value "oklch(0.55 0.22 263)" does not conform to the required format.  The format is "#rrggbb" where rr, gg, bb are two-digit hexadecimal numbers. @ https://tweakcn.com/_next/static/chunks/5a71a80968e820c8.js?dpl=dpl_2bBjqfZ5eQgCkRdmLixoXXWKRxQw:0
[  155923ms] [WARNING] The specified value "oklch(0.49 0.22 264)" does not conform to the required format.  The format is "#rrggbb" where rr, gg, bb are two-digit hexadecimal numbers. @ https://tweakcn.com/_next/static/chunks/5a71a80968e820c8.js?dpl=dpl_2bBjqfZ5eQgCkRdmLixoXXWKRxQw:0
[  155923ms] [WARNING] The specified value "oklch(0.42 0.18 266)" does not conform to the required format.  The format is "#rrggbb" where rr, gg, bb are two-digit hexadecimal numbers. @ https://tweakcn.com/_next/static/chunks/5a71a80968e820c8.js?dpl=dpl_2bBjqfZ5eQgCkRdmLixoXXWKRxQw:0
[  155924ms] [WARNING] The specified value "oklch(0.985 0 0)" does not conform to the required format.  The format is "#rrggbb" where rr, gg, bb are two-digit hexadecimal numbers. @ https://tweakcn.com/_next/static/chunks/5a71a80968e820c8.js?dpl=dpl_2bBjqfZ5eQgCkRdmLixoXXWKRxQw:0
[  155924ms] [WARNING] The specified value "oklch(0.145 0 0)" does not conform to the required format.  The format is "#rrggbb" where rr, gg, bb are two-digit hexadecimal numbers. @ https://tweakcn.com/_next/static/chunks/5a71a80968e820c8.js?dpl=dpl_2bBjqfZ5eQgCkRdmLixoXXWKRxQw:0
[  155925ms] [WARNING] The specified value "oklch(0.205 0 0)" does not conform to the required format.  The format is "#rrggbb" where rr, gg, bb are two-digit hexadecimal numbers. @ https://tweakcn.com/_next/static/chunks/5a71a80968e820c8.js?dpl=dpl_2bBjqfZ5eQgCkRdmLixoXXWKRxQw:0
[  155925ms] [WARNING] The specified value "oklch(0.985 0 0)" does not conform to the required format.  The format is "#rrggbb" where rr, gg, bb are two-digit hexadecimal numbers. @ https://tweakcn.com/_next/static/chunks/5a71a80968e820c8.js?dpl=dpl_2bBjqfZ5eQgCkRdmLixoXXWKRxQw:0
[  155926ms] [WARNING] The specified value "oklch(0.97 0 0)" does not conform to the required format.  The format is "#rrggbb" where rr, gg, bb are two-digit hexadecimal numbers. @ https://tweakcn.com/_next/static/chunks/5a71a80968e820c8.js?dpl=dpl_2bBjqfZ5eQgCkRdmLixoXXWKRxQw:0
[  155926ms] [WARNING] The specified value "oklch(0.205 0 0)" does not conform to the required format.  The format is "#rrggbb" where rr, gg, bb are two-digit hexadecimal numbers. @ https://tweakcn.com/_next/static/chunks/5a71a80968e820c8.js?dpl=dpl_2bBjqfZ5eQgCkRdmLixoXXWKRxQw:0
[  155926ms] [WARNING] The specified value "oklch(0.922 0 0)" does not conform to the required format.  The format is "#rrggbb" where rr, gg, bb are two-digit hexadecimal numbers. @ https://tweakcn.com/_next/static/chunks/5a71a80968e820c8.js?dpl=dpl_2bBjqfZ5eQgCkRdmLixoXXWKRxQw:0
[  155927ms] [WARNING] The specified value "oklch(0.708 0 0)" does not conform to the required format.  The format is "#rrggbb" where rr, gg, bb are two-digit hexadecimal numbers. @ https://tweakcn.com/_next/static/chunks/5a71a80968e820c8.js?dpl=dpl_2bBjqfZ5eQgCkRdmLixoXXWKRxQw:0
[  156918ms] [ERROR] Failed to load resource: the server responded with a status of 500 () @ https://tweakcn.com/editor/theme:0
[  161794ms] [ERROR] Failed to load resource: the server responded with a status of 500 () @ https://tweakcn.com/editor/theme:0
[  166152ms] [ERROR] Failed to load resource: the server responded with a status of 500 () @ https://tweakcn.com/editor/theme:0
[  648914ms] [ERROR] Failed to load resource: the server responded with a status of 500 () @ https://tweakcn.com/editor/theme:0
[  654306ms] [ERROR] Failed to load resource: the server responded with a status of 500 () @ https://tweakcn.com/editor/theme:0
[  656718ms] [ERROR] Failed to load resource: the server responded with a status of 500 () @ https://tweakcn.com/editor/theme:0
[  660998ms] [ERROR] Failed to load resource: the server responded with a status of 500 () @ https://tweakcn.com/editor/theme:0
