[   80832ms] [WARNING] Warning: Missing `Description` or `aria-describedby={undefined}` for {DialogContent}. @ http://localhost:3001/_next/static/chunks/85266_next_dist_bd8a26ec._.js:2297
[   81026ms] [WARNING] Warning: Missing `Description` or `aria-describedby={undefined}` for {DialogContent}. @ http://localhost:3001/_next/static/chunks/85266_next_dist_bd8a26ec._.js:2297
[  195800ms] ReferenceError: Cannot access 'handleShareClick' before initialization
    at Home (http://localhost:3001/_next/static/chunks/typestack_src_25f0136c._.js?id=%255Bproject%255D%252Ftypestack%252Fsrc%252Fapp%252Fpage.tsx+%255Bapp-client%255D+%2528ecmascript%2529:84:9)
    at Object.react_stack_bottom_frame (http://localhost:3001/_next/static/chunks/85266_next_dist_compiled_react-dom_8869eee0._.js:14826:24)
    at renderWithHooks (http://localhost:3001/_next/static/chunks/85266_next_dist_compiled_react-dom_8869eee0._.js:4651:24)
    at updateFunctionComponent (http://localhost:3001/_next/static/chunks/85266_next_dist_compiled_react-dom_8869eee0._.js:6112:21)
    at beginWork (http://localhost:3001/_next/static/chunks/85266_next_dist_compiled_react-dom_8869eee0._.js:6708:24)
    at runWithFiberInDEV (http://localhost:3001/_next/static/chunks/85266_next_dist_compiled_react-dom_8869eee0._.js:965:74)
    at performUnitOfWork (http://localhost:3001/_next/static/chunks/85266_next_dist_compiled_react-dom_8869eee0._.js:9562:97)
    at workLoopSync (http://localhost:3001/_next/static/chunks/85266_next_dist_compiled_react-dom_8869eee0._.js:9456:40)
    at renderRootSync (http://localhost:3001/_next/static/chunks/85266_next_dist_compiled_react-dom_8869eee0._.js:9440:13)
    at performWorkOnRoot (http://localhost:3001/_next/static/chunks/85266_next_dist_compiled_react-dom_8869eee0._.js:9105:47)
    at performSyncWorkOnRoot (http://localhost:3001/_next/static/chunks/85266_next_dist_compiled_react-dom_8869eee0._.js:10238:9)
    at flushSyncWorkAcrossRoots_impl (http://localhost:3001/_next/static/chunks/85266_next_dist_compiled_react-dom_8869eee0._.js:10154:316)
    at flushSyncWork$1 (http://localhost:3001/_next/static/chunks/85266_next_dist_compiled_react-dom_8869eee0._.js:9237:86)
    at Object.scheduleRefresh (http://localhost:3001/_next/static/chunks/85266_next_dist_compiled_react-dom_8869eee0._.js:299:13)
    at http://localhost:3001/_next/static/chunks/85266_next_dist_compiled_22c27bbd._.js:391:33
    at Set.forEach (<anonymous>)
    at Object.performReactRefresh (http://localhost:3001/_next/static/chunks/85266_next_dist_compiled_22c27bbd._.js:384:38)
    at applyUpdate (http://localhost:3001/_next/static/chunks/85266_next_dist_compiled_22c27bbd._.js:878:31)
    at http://localhost:3001/_next/static/chunks/85266_next_dist_compiled_22c27bbd._.js:886:13
[  208372ms] [WARNING] [Fast Refresh] performing full reload because your application had an unrecoverable error @ http://localhost:3001/_next/static/chunks/85266_next_dist_bd8a26ec._.js:2297
[  209747ms] ReferenceError: Cannot access 'handleShareClick' before initialization
    at Home (http://localhost:3001/_next/static/chunks/typestack_src_25f0136c._.js?id=%255Bproject%255D%252Ftypestack%252Fsrc%252Fapp%252Fpage.tsx+%255Bapp-client%255D+%2528ecmascript%2529:84:9)
    at Object.react_stack_bottom_frame (http://localhost:3001/_next/static/chunks/85266_next_dist_compiled_react-dom_8869eee0._.js:14826:24)
    at renderWithHooks (http://localhost:3001/_next/static/chunks/85266_next_dist_compiled_react-dom_8869eee0._.js:4651:24)
    at updateFunctionComponent (http://localhost:3001/_next/static/chunks/85266_next_dist_compiled_react-dom_8869eee0._.js:6112:21)
    at beginWork (http://localhost:3001/_next/static/chunks/85266_next_dist_compiled_react-dom_8869eee0._.js:6708:24)
    at runWithFiberInDEV (http://localhost:3001/_next/static/chunks/85266_next_dist_compiled_react-dom_8869eee0._.js:965:74)
    at performUnitOfWork (http://localhost:3001/_next/static/chunks/85266_next_dist_compiled_react-dom_8869eee0._.js:9562:97)
    at workLoopSync (http://localhost:3001/_next/static/chunks/85266_next_dist_compiled_react-dom_8869eee0._.js:9456:40)
    at renderRootSync (http://localhost:3001/_next/static/chunks/85266_next_dist_compiled_react-dom_8869eee0._.js:9440:13)
    at performWorkOnRoot (http://localhost:3001/_next/static/chunks/85266_next_dist_compiled_react-dom_8869eee0._.js:9105:47)
    at performSyncWorkOnRoot (http://localhost:3001/_next/static/chunks/85266_next_dist_compiled_react-dom_8869eee0._.js:10238:9)
    at flushSyncWorkAcrossRoots_impl (http://localhost:3001/_next/static/chunks/85266_next_dist_compiled_react-dom_8869eee0._.js:10154:316)
    at flushSyncWork$1 (http://localhost:3001/_next/static/chunks/85266_next_dist_compiled_react-dom_8869eee0._.js:9237:86)
    at Object.scheduleRefresh (http://localhost:3001/_next/static/chunks/85266_next_dist_compiled_react-dom_8869eee0._.js:299:13)
    at http://localhost:3001/_next/static/chunks/85266_next_dist_compiled_22c27bbd._.js:391:33
    at Set.forEach (<anonymous>)
    at Object.performReactRefresh (http://localhost:3001/_next/static/chunks/85266_next_dist_compiled_22c27bbd._.js:384:38)
    at applyUpdate (http://localhost:3001/_next/static/chunks/85266_next_dist_compiled_22c27bbd._.js:878:31)
    at http://localhost:3001/_next/static/chunks/85266_next_dist_compiled_22c27bbd._.js:886:13
[  211248ms] [ERROR] Failed to load resource: the server responded with a status of 500 (Internal Server Error) @ http://localhost:3001/:0
[  220561ms] ReferenceError: Cannot access 'handleShareClick' before initialization
    at Home (http://localhost:3001/_next/static/chunks/typestack_src_25f0136c._.js:5880:9)
    at Object.react_stack_bottom_frame (http://localhost:3001/_next/static/chunks/85266_next_dist_compiled_react-dom_8869eee0._.js:14826:24)
    at renderWithHooks (http://localhost:3001/_next/static/chunks/85266_next_dist_compiled_react-dom_8869eee0._.js:4651:24)
    at updateFunctionComponent (http://localhost:3001/_next/static/chunks/85266_next_dist_compiled_react-dom_8869eee0._.js:6112:21)
    at beginWork (http://localhost:3001/_next/static/chunks/85266_next_dist_compiled_react-dom_8869eee0._.js:6708:24)
    at runWithFiberInDEV (http://localhost:3001/_next/static/chunks/85266_next_dist_compiled_react-dom_8869eee0._.js:965:74)
    at performUnitOfWork (http://localhost:3001/_next/static/chunks/85266_next_dist_compiled_react-dom_8869eee0._.js:9562:97)
    at workLoopSync (http://localhost:3001/_next/static/chunks/85266_next_dist_compiled_react-dom_8869eee0._.js:9456:40)
    at renderRootSync (http://localhost:3001/_next/static/chunks/85266_next_dist_compiled_react-dom_8869eee0._.js:9440:13)
    at performWorkOnRoot (http://localhost:3001/_next/static/chunks/85266_next_dist_compiled_react-dom_8869eee0._.js:9105:47)
    at performWorkOnRootViaSchedulerTask (http://localhost:3001/_next/static/chunks/85266_next_dist_compiled_react-dom_8869eee0._.js:10230:9)
    at MessagePort.performWorkUntilDeadline (http://localhost:3001/_next/static/chunks/85266_next_dist_compiled_22c27bbd._.js:2647:64)
[  224854ms] [WARNING] The resource http://localhost:3001/_next/static/media/caa3a2e1cccd8315-s.p.853070df.woff2 was preloaded using link preload but not used within a few seconds from the window's load event. Please make sure it has an appropriate `as` value and it is preloaded intentionally. @ http://localhost:3001/:0
[  224859ms] [WARNING] The resource http://localhost:3001/_next/static/media/797e433ab948586e-s.p.dbea232f.woff2 was preloaded using link preload but not used within a few seconds from the window's load event. Please make sure it has an appropriate `as` value and it is preloaded intentionally. @ http://localhost:3001/:0
[  224859ms] [WARNING] The resource http://localhost:3001/_next/static/chunks/%5Broot-of-the-server%5D__b99a9027._.css was preloaded using link preload but not used within a few seconds from the window's load event. Please make sure it has an appropriate `as` value and it is preloaded intentionally. @ http://localhost:3001/:0
[  226607ms] [WARNING] [Fast Refresh] performing full reload because your application had an unrecoverable error @ http://localhost:3001/_next/static/chunks/85266_next_dist_bd8a26ec._.js:2297
[  226766ms] [WARNING] [Fast Refresh] performing full reload because your application had an unrecoverable error @ http://localhost:3001/_next/static/chunks/85266_next_dist_bd8a26ec._.js:2297
[  226816ms] Error: No link element found for chunk /_next/static/chunks/%5Broot-of-the-server%5D__b99a9027._.css
    at http://localhost:3001/_next/static/chunks/turbopack-typestack_409102a8._.js:1801:28
    at new Promise (<anonymous>)
    at Object.reloadChunk (http://localhost:3001/_next/static/chunks/turbopack-typestack_409102a8._.js:1793:20)
    at applyChunkListUpdate (http://localhost:3001/_next/static/chunks/turbopack-typestack_409102a8._.js:1174:46)
    at applyUpdate (http://localhost:3001/_next/static/chunks/turbopack-typestack_409102a8._.js:1148:13)
    at handleApply (http://localhost:3001/_next/static/chunks/turbopack-typestack_409102a8._.js:1368:17)
    at triggerUpdate (http://localhost:3001/_next/static/chunks/%5Bturbopack%5D_browser_dev_hmr-client_hmr-client_ts_c8c997ce._.js:452:9)
    at applyAggregatedUpdates (http://localhost:3001/_next/static/chunks/%5Bturbopack%5D_browser_dev_hmr-client_hmr-client_ts_c8c997ce._.js:98:9)
    at http://localhost:3001/_next/static/chunks/%5Bturbopack%5D_browser_dev_hmr-client_hmr-client_ts_c8c997ce._.js:32:21
    at processTurbopackMessage (http://localhost:3001/_next/static/chunks/85266_next_dist_client_9d539f4d._.js:10950:13)
    at processMessage (http://localhost:3001/_next/static/chunks/85266_next_dist_client_9d539f4d._.js:11591:17)
    at WebSocket.handleMessage (http://localhost:3001/_next/static/chunks/85266_next_dist_client_9d539f4d._.js:10914:52)
[  226849ms] [ERROR] Failed to load resource: the server responded with a status of 500 (Internal Server Error) @ http://localhost:3001/:0
[  228305ms] ReferenceError: Cannot access 'handleShareClick' before initialization
    at Home (http://localhost:3001/_next/static/chunks/typestack_src_25f0136c._.js:5903:9)
    at Object.react_stack_bottom_frame (http://localhost:3001/_next/static/chunks/85266_next_dist_compiled_react-dom_8869eee0._.js:14826:24)
    at renderWithHooks (http://localhost:3001/_next/static/chunks/85266_next_dist_compiled_react-dom_8869eee0._.js:4651:24)
    at updateFunctionComponent (http://localhost:3001/_next/static/chunks/85266_next_dist_compiled_react-dom_8869eee0._.js:6112:21)
    at beginWork (http://localhost:3001/_next/static/chunks/85266_next_dist_compiled_react-dom_8869eee0._.js:6708:24)
    at runWithFiberInDEV (http://localhost:3001/_next/static/chunks/85266_next_dist_compiled_react-dom_8869eee0._.js:965:74)
    at performUnitOfWork (http://localhost:3001/_next/static/chunks/85266_next_dist_compiled_react-dom_8869eee0._.js:9562:97)
    at workLoopSync (http://localhost:3001/_next/static/chunks/85266_next_dist_compiled_react-dom_8869eee0._.js:9456:40)
    at renderRootSync (http://localhost:3001/_next/static/chunks/85266_next_dist_compiled_react-dom_8869eee0._.js:9440:13)
    at performWorkOnRoot (http://localhost:3001/_next/static/chunks/85266_next_dist_compiled_react-dom_8869eee0._.js:9105:47)
    at performWorkOnRootViaSchedulerTask (http://localhost:3001/_next/static/chunks/85266_next_dist_compiled_react-dom_8869eee0._.js:10230:9)
    at MessagePort.performWorkUntilDeadline (http://localhost:3001/_next/static/chunks/85266_next_dist_compiled_22c27bbd._.js:2647:64)
[  231686ms] [WARNING] The resource http://localhost:3001/_next/static/media/caa3a2e1cccd8315-s.p.853070df.woff2 was preloaded using link preload but not used within a few seconds from the window's load event. Please make sure it has an appropriate `as` value and it is preloaded intentionally. @ http://localhost:3001/:0
[  231686ms] [WARNING] The resource http://localhost:3001/_next/static/media/797e433ab948586e-s.p.dbea232f.woff2 was preloaded using link preload but not used within a few seconds from the window's load event. Please make sure it has an appropriate `as` value and it is preloaded intentionally. @ http://localhost:3001/:0
[  231686ms] [WARNING] The resource http://localhost:3001/_next/static/chunks/%5Broot-of-the-server%5D__b99a9027._.css was preloaded using link preload but not used within a few seconds from the window's load event. Please make sure it has an appropriate `as` value and it is preloaded intentionally. @ http://localhost:3001/:0
[  233726ms] [WARNING] [Fast Refresh] performing full reload because your application had an unrecoverable error @ http://localhost:3001/_next/static/chunks/85266_next_dist_bd8a26ec._.js:2297
[  233915ms] [ERROR] Failed to load resource: the server responded with a status of 500 (Internal Server Error) @ http://localhost:3001/:0
[  234792ms] ReferenceError: Cannot access 'handleShareClick' before initialization
    at Home (http://localhost:3001/_next/static/chunks/typestack_src_25f0136c._.js:5903:9)
    at Object.react_stack_bottom_frame (http://localhost:3001/_next/static/chunks/85266_next_dist_compiled_react-dom_8869eee0._.js:14826:24)
    at renderWithHooks (http://localhost:3001/_next/static/chunks/85266_next_dist_compiled_react-dom_8869eee0._.js:4651:24)
    at updateFunctionComponent (http://localhost:3001/_next/static/chunks/85266_next_dist_compiled_react-dom_8869eee0._.js:6112:21)
    at beginWork (http://localhost:3001/_next/static/chunks/85266_next_dist_compiled_react-dom_8869eee0._.js:6708:24)
    at runWithFiberInDEV (http://localhost:3001/_next/static/chunks/85266_next_dist_compiled_react-dom_8869eee0._.js:965:74)
    at performUnitOfWork (http://localhost:3001/_next/static/chunks/85266_next_dist_compiled_react-dom_8869eee0._.js:9562:97)
    at workLoopSync (http://localhost:3001/_next/static/chunks/85266_next_dist_compiled_react-dom_8869eee0._.js:9456:40)
    at renderRootSync (http://localhost:3001/_next/static/chunks/85266_next_dist_compiled_react-dom_8869eee0._.js:9440:13)
    at performWorkOnRoot (http://localhost:3001/_next/static/chunks/85266_next_dist_compiled_react-dom_8869eee0._.js:9105:47)
    at performWorkOnRootViaSchedulerTask (http://localhost:3001/_next/static/chunks/85266_next_dist_compiled_react-dom_8869eee0._.js:10230:9)
    at MessagePort.performWorkUntilDeadline (http://localhost:3001/_next/static/chunks/85266_next_dist_compiled_22c27bbd._.js:2647:64)
[  237837ms] [WARNING] The resource http://localhost:3001/_next/static/media/caa3a2e1cccd8315-s.p.853070df.woff2 was preloaded using link preload but not used within a few seconds from the window's load event. Please make sure it has an appropriate `as` value and it is preloaded intentionally. @ http://localhost:3001/:0
[  237837ms] [WARNING] The resource http://localhost:3001/_next/static/media/797e433ab948586e-s.p.dbea232f.woff2 was preloaded using link preload but not used within a few seconds from the window's load event. Please make sure it has an appropriate `as` value and it is preloaded intentionally. @ http://localhost:3001/:0
[  237837ms] [WARNING] The resource http://localhost:3001/_next/static/chunks/%5Broot-of-the-server%5D__b99a9027._.css was preloaded using link preload but not used within a few seconds from the window's load event. Please make sure it has an appropriate `as` value and it is preloaded intentionally. @ http://localhost:3001/:0
[  264531ms] [WARNING] [Fast Refresh] performing full reload because your application had an unrecoverable error @ http://localhost:3001/_next/static/chunks/85266_next_dist_bd8a26ec._.js:2297
